<?xml version="1.0" encoding="UTF-8"?>
<!-- Generated by org.testng.reporters.JUnitReportReporter -->
<testsuite hostname="LAPTOP-D9L8LA8N" failures="0" tests="6" name="stepdefin.LoginSteps" time="40.154" errors="0" timestamp="2024-05-23T14:52:08 IST" skipped="0">
  <testcase classname="stepdefin.LoginSteps" name="loginTest" time="7.492"/>
  <system-out/>
  <testcase classname="stepdefin.LoginSteps" name="loginTest" time="6.662"/>
  <system-out/>
  <testcase classname="stepdefin.LoginSteps" name="loginTest" time="5.802"/>
  <system-out/>
  <testcase classname="stepdefin.LoginSteps" name="loginTest" time="6.630"/>
  <system-out/>
  <testcase classname="stepdefin.LoginSteps" name="loginTest" time="6.743"/>
  <system-out/>
  <testcase classname="stepdefin.LoginSteps" name="loginTest" time="6.825"/>
  <system-out/>
</testsuite> <!-- stepdefin.LoginSteps -->
