<?xml version="1.0" encoding="UTF-8"?>
<!-- Generated by org.testng.reporters.JUnitReportReporter -->
<testsuite hostname="LAPTOP-D9L8LA8N" failures="0" tests="14" name="runner.TestRunnner" time="1097.959" errors="0" timestamp="2024-05-18T09:41:04 IST" skipped="0">
  <testcase classname="runner.TestRunnner" name="runScenario" time="69.857"/>
  <system-out/>
  <testcase classname="runner.TestRunnner" name="runScenario" time="69.025"/>
  <system-out/>
  <testcase classname="runner.TestRunnner" name="runScenario" time="66.743"/>
  <system-out/>
  <testcase classname="runner.TestRunnner" name="runScenario" time="71.886"/>
  <system-out/>
  <testcase classname="runner.TestRunnner" name="runScenario" time="70.339"/>
  <system-out/>
  <testcase classname="runner.TestRunnner" name="runScenario" time="65.968"/>
  <system-out/>
  <testcase classname="runner.TestRunnner" name="runScenario" time="69.023"/>
  <system-out/>
  <testcase classname="runner.TestRunnner" name="runScenario" time="66.819"/>
  <system-out/>
  <testcase classname="runner.TestRunnner" name="runScenario" time="73.837"/>
  <system-out/>
  <testcase classname="runner.TestRunnner" name="runScenario" time="68.751"/>
  <system-out/>
  <testcase classname="runner.TestRunnner" name="runScenario" time="86.629"/>
  <system-out/>
  <testcase classname="runner.TestRunnner" name="runScenario" time="71.266"/>
  <system-out/>
  <testcase classname="runner.TestRunnner" name="runScenario" time="75.607"/>
  <system-out/>
  <testcase classname="runner.TestRunnner" name="runScenario" time="172.209"/>
  <system-out/>
</testsuite> <!-- runner.TestRunnner -->
