<?xml version="1.0" encoding="UTF-8"?>
<!-- Generated by org.testng.reporters.JUnitReportReporter -->
<testsuite hostname="LAPTOP-D9L8LA8N" failures="0" tests="2" name="stepdefin.CheckOutSteps" time="6.037" errors="0" timestamp="2024-05-23T14:52:08 IST" skipped="0">
  <testcase classname="stepdefin.CheckOutSteps" name="testLogin" time="4.602"/>
  <system-out/>
  <testcase classname="stepdefin.CheckOutSteps" name="testCheckOut" time="1.435"/>
  <system-out/>
</testsuite> <!-- stepdefin.CheckOutSteps -->
