<?xml version="1.0" encoding="UTF-8"?>
<!-- Generated by org.testng.reporters.JUnitReportReporter -->
<testsuite hostname="LAPTOP-D9L8LA8N" failures="0" tests="4" name="stepdefin.AddToCartSteps" time="8.794" errors="0" timestamp="2024-05-23T14:52:08 IST" skipped="0">
  <testcase classname="stepdefin.AddToCartSteps" name="testLogin" time="4.983"/>
  <system-out/>
  <testcase classname="stepdefin.AddToCartSteps" name="testAddToCart" time="0.347"/>
  <system-out/>
  <testcase classname="stepdefin.AddToCartSteps" name="testShoppingCartIcon" time="1.619"/>
  <system-out/>
  <testcase classname="stepdefin.AddToCartSteps" name="testSearch" time="1.845"/>
  <system-out/>
</testsuite> <!-- stepdefin.AddToCartSteps -->
