<?xml version="1.0" encoding="UTF-8"?>
<!-- Generated by org.testng.reporters.JUnitReportReporter -->
<testsuite hostname="LAPTOP-D9L8LA8N" failures="0" tests="3" name="stepdefin.ForgotPwdSteps" time="13.024" errors="0" timestamp="2024-05-23T14:52:09 IST" skipped="0">
  <testcase classname="stepdefin.ForgotPwdSteps" name="testForgottenPassword" time="4.828"/>
  <system-out/>
  <testcase classname="stepdefin.ForgotPwdSteps" name="testForgottenPassword" time="4.078"/>
  <system-out/>
  <testcase classname="stepdefin.ForgotPwdSteps" name="testForgottenPassword" time="4.118"/>
  <system-out/>
</testsuite> <!-- stepdefin.ForgotPwdSteps -->
