<?xml version="1.0" encoding="UTF-8"?>
<!-- Generated by org.testng.reporters.JUnitReportReporter -->
<testsuite hostname="LAPTOP-D9L8LA8N" failures="0" tests="5" name="stepdefin.SearchSteps" time="11.470" errors="0" timestamp="2024-05-19T17:14:05 IST" skipped="0">
  <testcase classname="stepdefin.SearchSteps" name="testSearch" time="1.527"/>
  <system-out/>
  <testcase classname="stepdefin.SearchSteps" name="testSearch" time="2.289"/>
  <system-out/>
  <testcase classname="stepdefin.SearchSteps" name="testSearch" time="2.095"/>
  <system-out/>
  <testcase classname="stepdefin.SearchSteps" name="testSearch" time="4.135"/>
  <system-out/>
  <testcase classname="stepdefin.SearchSteps" name="testSearch" time="1.424"/>
  <system-out/>
</testsuite> <!-- stepdefin.SearchSteps -->
