<?xml version="1.0" encoding="UTF-8"?>
<!-- Generated by org.testng.reporters.JUnitReportReporter -->
<testsuite hostname="LAPTOP-D9L8LA8N" failures="0" tests="5" name="stepdefin.HomeSteps" time="14.840" errors="0" timestamp="2024-05-23T14:52:08 IST" skipped="0">
  <testcase classname="stepdefin.HomeSteps" name="testHomeIcon" time="6.696"/>
  <system-out/>
  <testcase classname="stepdefin.HomeSteps" name="testLogin" time="4.147"/>
  <system-out/>
  <testcase classname="stepdefin.HomeSteps" name="testSearch" time="2.085"/>
  <system-out/>
  <testcase classname="stepdefin.HomeSteps" name="testAddToWishlist" time="0.456"/>
  <system-out/>
  <testcase classname="stepdefin.HomeSteps" name="testWishlistMenuIcon" time="1.456"/>
  <system-out/>
</testsuite> <!-- stepdefin.HomeSteps -->
