<?xml version="1.0" encoding="UTF-8"?>
<!-- Generated by org.testng.reporters.JUnitReportReporter -->
<testsuite hostname="LAPTOP-D9L8LA8N" failures="0" tests="4" name="stepdefin.MyAccountSteps" time="4.621" errors="0" timestamp="2024-05-23T14:52:08 IST" skipped="0">
  <testcase classname="stepdefin.MyAccountSteps" name="testClicks" time="0.372"/>
  <system-out/>
  <testcase classname="stepdefin.MyAccountSteps" name="testClicks" time="1.442"/>
  <system-out/>
  <testcase classname="stepdefin.MyAccountSteps" name="testClicks" time="1.323"/>
  <system-out/>
  <testcase classname="stepdefin.MyAccountSteps" name="testClicks" time="1.484"/>
  <system-out/>
</testsuite> <!-- stepdefin.MyAccountSteps -->
