<?xml version="1.0" encoding="UTF-8"?>
<!-- Generated by org.testng.reporters.JUnitReportReporter -->
<testsuite hostname="LAPTOP-D9L8LA8N" failures="0" tests="14" name="stepdefin.RegistrationSteps" time="112.943" errors="0" timestamp="2024-05-23T14:52:08 IST" skipped="0">
  <testcase classname="stepdefin.RegistrationSteps" name="testRegistration" time="7.781"/>
  <system-out/>
  <testcase classname="stepdefin.RegistrationSteps" name="testRegistration" time="6.063"/>
  <system-out/>
  <testcase classname="stepdefin.RegistrationSteps" name="testRegistration" time="17.011"/>
  <system-out/>
  <testcase classname="stepdefin.RegistrationSteps" name="testRegistration" time="8.426"/>
  <system-out/>
  <testcase classname="stepdefin.RegistrationSteps" name="testRegistration" time="6.144"/>
  <system-out/>
  <testcase classname="stepdefin.RegistrationSteps" name="testRegistration" time="5.966"/>
  <system-out/>
  <testcase classname="stepdefin.RegistrationSteps" name="testRegistration" time="5.601"/>
  <system-out/>
  <testcase classname="stepdefin.RegistrationSteps" name="testRegistration" time="6.460"/>
  <system-out/>
  <testcase classname="stepdefin.RegistrationSteps" name="testRegistration" time="15.738"/>
  <system-out/>
  <testcase classname="stepdefin.RegistrationSteps" name="testRegistration" time="6.386"/>
  <system-out/>
  <testcase classname="stepdefin.RegistrationSteps" name="testRegistration" time="6.722"/>
  <system-out/>
  <testcase classname="stepdefin.RegistrationSteps" name="testRegistration" time="5.910"/>
  <system-out/>
  <testcase classname="stepdefin.RegistrationSteps" name="testRegistration" time="8.330"/>
  <system-out/>
  <testcase classname="stepdefin.RegistrationSteps" name="testRegistration" time="6.405"/>
  <system-out/>
</testsuite> <!-- stepdefin.RegistrationSteps -->
