<?xml version="1.0" encoding="UTF-8"?>
<!-- Generated by org.testng.reporters.JUnitReportReporter -->
<testsuite hostname="LAPTOP-D9L8LA8N" failures="0" tests="1" name="stepdefin.ProductCompareSteps" time="7.981" errors="0" timestamp="2024-05-23T14:52:08 IST" skipped="0">
  <testcase classname="stepdefin.ProductCompareSteps" name="testProductComparison" time="7.981"/>
  <system-out/>
</testsuite> <!-- stepdefin.ProductCompareSteps -->
