<?xml version="1.0" encoding="UTF-8"?>
<!-- Generated by org.testng.reporters.JUnitReportReporter -->
<testsuite hostname="LAPTOP-D9L8LA8N" failures="0" tests="5" name="stepdefin.SearchBarSteps" time="10.150" errors="0" timestamp="2024-05-23T14:52:08 IST" skipped="0">
  <testcase classname="stepdefin.SearchBarSteps" name="testSearch" time="2.763"/>
  <system-out/>
  <testcase classname="stepdefin.SearchBarSteps" name="testSearch" time="1.697"/>
  <system-out/>
  <testcase classname="stepdefin.SearchBarSteps" name="testSearch" time="2.143"/>
  <system-out/>
  <testcase classname="stepdefin.SearchBarSteps" name="testSearch" time="1.744"/>
  <system-out/>
  <testcase classname="stepdefin.SearchBarSteps" name="testSearch" time="1.803"/>
  <system-out/>
</testsuite> <!-- stepdefin.SearchBarSteps -->
